==> Random seed: 7727
==> Using accelerator: cuda:0
==> Preparing dataset ...
==> Initialize model ...
==> Start training ...
Epoch (1/200):
Train loss: 2.266386, train acc: 0.621545
Val loss: 1.846144, Val acc: 0.788493
==> Save checkpoint ...
best: 0.788
Epoch (2/200):
Train loss: 1.887366, train acc: 0.769715
Val loss: 1.754778, Val acc: 0.794976
==> Save checkpoint ...
best: 0.795
Epoch (3/200):
Train loss: 1.784411, train acc: 0.810264
Val loss: 1.683261, Val acc: 0.827796
==> Save checkpoint ...
best: 0.828
Epoch (4/200):
Train loss: 1.719295, train acc: 0.835569
Val loss: 1.642533, Val acc: 0.852917
==> Save checkpoint ...
best: 0.853
Epoch (5/200):
Train loss: 1.681138, train acc: 0.850915
Val loss: 1.561642, Val acc: 0.875203
==> Save checkpoint ...
best: 0.875
Epoch (6/200):
Train loss: 1.660178, train acc: 0.860671
Val loss: 1.540921, Val acc: 0.891005
==> Save checkpoint ...
best: 0.891
Epoch (7/200):
Train loss: 1.629740, train acc: 0.873374
Val loss: 1.588120, Val acc: 0.873582
best: 0.891
Epoch (8/200):
Train loss: 1.611118, train acc: 0.880894
Val loss: 1.544859, Val acc: 0.873582
best: 0.891
Epoch (9/200):
Train loss: 1.587511, train acc: 0.889329
Val loss: 1.505026, Val acc: 0.894652
==> Save checkpoint ...
best: 0.895
Epoch (10/200):
Train loss: 1.571492, train acc: 0.893801
Val loss: 1.508971, Val acc: 0.892626
best: 0.895
Epoch (11/200):
Train loss: 1.560169, train acc: 0.900305
Val loss: 1.496183, Val acc: 0.898298
==> Save checkpoint ...
best: 0.898
Epoch (12/200):
Train loss: 1.556443, train acc: 0.902541
Val loss: 1.493427, Val acc: 0.902755
==> Save checkpoint ...
best: 0.903
Epoch (13/200):
Train loss: 1.535845, train acc: 0.908130
Val loss: 1.462111, Val acc: 0.909238
==> Save checkpoint ...
best: 0.909
Epoch (14/200):
Train loss: 1.526580, train acc: 0.914126
Val loss: 1.479066, Val acc: 0.899514
best: 0.909
Epoch (15/200):
Train loss: 1.518492, train acc: 0.913008
Val loss: 1.485428, Val acc: 0.896677
best: 0.909
Epoch (16/200):
Train loss: 1.512375, train acc: 0.920528
Val loss: 1.464282, Val acc: 0.910454
==> Save checkpoint ...
best: 0.910
Epoch (17/200):
Train loss: 1.501080, train acc: 0.924695
Val loss: 1.467376, Val acc: 0.910859
==> Save checkpoint ...
best: 0.911
Epoch (18/200):
Train loss: 1.498061, train acc: 0.922256
Val loss: 1.479541, Val acc: 0.901945
best: 0.911
Epoch (19/200):
Train loss: 1.486723, train acc: 0.928354
Val loss: 1.506341, Val acc: 0.885332
best: 0.911
Epoch (20/200):
Train loss: 1.480166, train acc: 0.929878
Val loss: 1.466416, Val acc: 0.905592
best: 0.911
Epoch (21/200):
Train loss: 1.476768, train acc: 0.933232
Val loss: 1.445888, Val acc: 0.919773
==> Save checkpoint ...
best: 0.920
Epoch (22/200):
Train loss: 1.467924, train acc: 0.934858
Val loss: 1.446280, Val acc: 0.911264
best: 0.920
Epoch (23/200):
Train loss: 1.464425, train acc: 0.935976
Val loss: 1.452064, Val acc: 0.912885
best: 0.920
Epoch (24/200):
Train loss: 1.454702, train acc: 0.942988
Val loss: 1.473683, Val acc: 0.899109
best: 0.920
Epoch (25/200):
Train loss: 1.452356, train acc: 0.943902
Val loss: 1.460530, Val acc: 0.915721
best: 0.920
Epoch (26/200):
Train loss: 1.453563, train acc: 0.940650
Val loss: 1.435832, Val acc: 0.918558
best: 0.920
Epoch (27/200):
Train loss: 1.451396, train acc: 0.941057
Val loss: 1.453767, Val acc: 0.910454
best: 0.920
Epoch (28/200):
Train loss: 1.439149, train acc: 0.946646
Val loss: 1.464336, Val acc: 0.904781
best: 0.920
Epoch (29/200):
Train loss: 1.436724, train acc: 0.950508
Val loss: 1.465981, Val acc: 0.905592
best: 0.920
Epoch (30/200):
Train loss: 1.431558, train acc: 0.949289
Val loss: 1.455421, Val acc: 0.913290
best: 0.920
Epoch (31/200):
Train loss: 1.427775, train acc: 0.953963
Val loss: 1.450778, Val acc: 0.911264
best: 0.920
Epoch (32/200):
Train loss: 1.424529, train acc: 0.952439
Val loss: 1.460020, Val acc: 0.904376
best: 0.920
Epoch (33/200):
Train loss: 1.421496, train acc: 0.956301
Val loss: 1.447539, Val acc: 0.908023
best: 0.920
Epoch (34/200):
Train loss: 1.415074, train acc: 0.957622
Val loss: 1.444358, Val acc: 0.912480
best: 0.920
Epoch (35/200):
Train loss: 1.417157, train acc: 0.956199
Val loss: 1.431888, Val acc: 0.918963
best: 0.920
Epoch (36/200):
Train loss: 1.410550, train acc: 0.959045
Val loss: 1.456378, Val acc: 0.911264
best: 0.920
Epoch (37/200):
Train loss: 1.411192, train acc: 0.958537
Val loss: 1.431584, Val acc: 0.921799
==> Save checkpoint ...
best: 0.922
Epoch (38/200):
Train loss: 1.411661, train acc: 0.958740
Val loss: 1.422869, Val acc: 0.924230
==> Save checkpoint ...
best: 0.924
Epoch (39/200):
Train loss: 1.408241, train acc: 0.959553
Val loss: 1.437827, Val acc: 0.918152
best: 0.924
Epoch (40/200):
Train loss: 1.401096, train acc: 0.964533
Val loss: 1.429417, Val acc: 0.923015
best: 0.924
Epoch (41/200):
Train loss: 1.400828, train acc: 0.960976
Val loss: 1.440196, Val acc: 0.919368
best: 0.924
Epoch (42/200):
Train loss: 1.395043, train acc: 0.964939
Val loss: 1.446174, Val acc: 0.913290
best: 0.924
Epoch (43/200):
Train loss: 1.398174, train acc: 0.963516
Val loss: 1.446721, Val acc: 0.916937
best: 0.924
Epoch (44/200):
Train loss: 1.395135, train acc: 0.965752
Val loss: 1.440646, Val acc: 0.914100
best: 0.924
Epoch (45/200):
Train loss: 1.389516, train acc: 0.966362
Val loss: 1.449238, Val acc: 0.916126
best: 0.924
Epoch (46/200):
Train loss: 1.391156, train acc: 0.967073
Val loss: 1.441169, Val acc: 0.921394
best: 0.924
Epoch (47/200):
Train loss: 1.387466, train acc: 0.967581
Val loss: 1.444205, Val acc: 0.916532
best: 0.924
Epoch (48/200):
Train loss: 1.387077, train acc: 0.968801
Val loss: 1.435243, Val acc: 0.919773
best: 0.924
Epoch (49/200):
Train loss: 1.381943, train acc: 0.971443
Val loss: 1.464798, Val acc: 0.901540
best: 0.924
Epoch (50/200):
Train loss: 1.381586, train acc: 0.971240
Val loss: 1.457341, Val acc: 0.912480
best: 0.924
Epoch (51/200):
Train loss: 1.379795, train acc: 0.970935
Val loss: 1.442837, Val acc: 0.919773
best: 0.924
Epoch (52/200):
Train loss: 1.377335, train acc: 0.970224
Val loss: 1.434649, Val acc: 0.918152
best: 0.924
Epoch (53/200):
Train loss: 1.373362, train acc: 0.974289
Val loss: 1.453863, Val acc: 0.912480
best: 0.924
Epoch (54/200):
Train loss: 1.381197, train acc: 0.971138
Val loss: 1.445702, Val acc: 0.913290
best: 0.924
Epoch (55/200):
Train loss: 1.372259, train acc: 0.975102
Val loss: 1.453748, Val acc: 0.912480
best: 0.924
Epoch (56/200):
Train loss: 1.374296, train acc: 0.973882
Val loss: 1.439220, Val acc: 0.918152
best: 0.924
Epoch (57/200):
Train loss: 1.372558, train acc: 0.973171
Val loss: 1.445578, Val acc: 0.908428
best: 0.924
Epoch (58/200):
Train loss: 1.375129, train acc: 0.973069
Val loss: 1.439830, Val acc: 0.916937
best: 0.924
Epoch (59/200):
Train loss: 1.370390, train acc: 0.976728
Val loss: 1.443119, Val acc: 0.912480
best: 0.924
Epoch (60/200):
Train loss: 1.368761, train acc: 0.975000
Val loss: 1.440994, Val acc: 0.919368
best: 0.924
Epoch (61/200):
Train loss: 1.363092, train acc: 0.976524
Val loss: 1.443398, Val acc: 0.914911
best: 0.924
Epoch (62/200):
Train loss: 1.362955, train acc: 0.978049
Val loss: 1.434202, Val acc: 0.916126
best: 0.924
Epoch (63/200):
Train loss: 1.367396, train acc: 0.974797
Val loss: 1.437846, Val acc: 0.914506
best: 0.924
Epoch (64/200):
Train loss: 1.364284, train acc: 0.976118
Val loss: 1.438864, Val acc: 0.916126
best: 0.924
Epoch (65/200):
Train loss: 1.358432, train acc: 0.979573
Val loss: 1.444182, Val acc: 0.916126
best: 0.924
Epoch (66/200):
Train loss: 1.362518, train acc: 0.976728
Val loss: 1.435834, Val acc: 0.918152
best: 0.924
Epoch (67/200):
Train loss: 1.355950, train acc: 0.978862
Val loss: 1.450140, Val acc: 0.913290
best: 0.924
Epoch (68/200):
Train loss: 1.360058, train acc: 0.977134
Val loss: 1.428982, Val acc: 0.923015
best: 0.924
Epoch (69/200):
Train loss: 1.351617, train acc: 0.979675
Val loss: 1.454720, Val acc: 0.910454
best: 0.924
Epoch (70/200):
Train loss: 1.354433, train acc: 0.980589
Val loss: 1.451837, Val acc: 0.912075
best: 0.924
Epoch (71/200):
Train loss: 1.353439, train acc: 0.978455
Val loss: 1.446750, Val acc: 0.921394
best: 0.924
Epoch (72/200):
Train loss: 1.350547, train acc: 0.980793
Val loss: 1.445549, Val acc: 0.911264
best: 0.924
Epoch (73/200):
Train loss: 1.347649, train acc: 0.981809
Val loss: 1.434631, Val acc: 0.922204
best: 0.924
Epoch (74/200):
