==> Random seed: 7727
==> Using accelerator: cuda:0
==> Preparing dataset ...
==> Initialize model ...
==> Start training ...
Epoch (1/200):
Train loss: 2.266386, train acc: 0.621545
Val loss: 1.846144, Val acc: 0.788493
==> Save checkpoint ...
best: 0.788
Epoch (2/200):
Train loss: 1.887366, train acc: 0.769715
Val loss: 1.754778, Val acc: 0.794976
==> Save checkpoint ...
best: 0.795
Epoch (3/200):
Train loss: 1.784411, train acc: 0.810264
Val loss: 1.683261, Val acc: 0.827796
==> Save checkpoint ...
best: 0.828
Epoch (4/200):
Train loss: 1.719295, train acc: 0.835569
Val loss: 1.642533, Val acc: 0.852917
==> Save checkpoint ...
best: 0.853
Epoch (5/200):
Train loss: 1.681138, train acc: 0.850915
Val loss: 1.561642, Val acc: 0.875203
==> Save checkpoint ...
best: 0.875
Epoch (6/200):
Train loss: 1.660178, train acc: 0.860671
Val loss: 1.540921, Val acc: 0.891005
==> Save checkpoint ...
best: 0.891
Epoch (7/200):
Train loss: 1.629740, train acc: 0.873374
Val loss: 1.588120, Val acc: 0.873582
best: 0.891
Epoch (8/200):
Train loss: 1.611118, train acc: 0.880894
Val loss: 1.544859, Val acc: 0.873582
best: 0.891
Epoch (9/200):
Train loss: 1.587511, train acc: 0.889329
Val loss: 1.505026, Val acc: 0.894652
==> Save checkpoint ...
best: 0.895
Epoch (10/200):
Train loss: 1.571492, train acc: 0.893801
Val loss: 1.508971, Val acc: 0.892626
best: 0.895
Epoch (11/200):
Train loss: 1.560169, train acc: 0.900305
Val loss: 1.496183, Val acc: 0.898298
==> Save checkpoint ...
best: 0.898
Epoch (12/200):
Train loss: 1.556443, train acc: 0.902541
Val loss: 1.493427, Val acc: 0.902755
==> Save checkpoint ...
best: 0.903
Epoch (13/200):
Train loss: 1.535845, train acc: 0.908130
Val loss: 1.462111, Val acc: 0.909238
==> Save checkpoint ...
best: 0.909
Epoch (14/200):
Train loss: 1.526580, train acc: 0.914126
Val loss: 1.479066, Val acc: 0.899514
best: 0.909
Epoch (15/200):
Train loss: 1.518492, train acc: 0.913008
Val loss: 1.485428, Val acc: 0.896677
best: 0.909
Epoch (16/200):
Train loss: 1.512375, train acc: 0.920528
Val loss: 1.464282, Val acc: 0.910454
==> Save checkpoint ...
best: 0.910
Epoch (17/200):
Train loss: 1.501080, train acc: 0.924695
Val loss: 1.467376, Val acc: 0.910859
==> Save checkpoint ...
best: 0.911
Epoch (18/200):
Train loss: 1.498061, train acc: 0.922256
Val loss: 1.479541, Val acc: 0.901945
best: 0.911
Epoch (19/200):
Train loss: 1.486723, train acc: 0.928354
Val loss: 1.506341, Val acc: 0.885332
best: 0.911
Epoch (20/200):
Train loss: 1.480166, train acc: 0.929878
Val loss: 1.466416, Val acc: 0.905592
best: 0.911
Epoch (21/200):
Train loss: 1.476768, train acc: 0.933232
Val loss: 1.445888, Val acc: 0.919773
==> Save checkpoint ...
best: 0.920
Epoch (22/200):
Train loss: 1.467924, train acc: 0.934858
Val loss: 1.446280, Val acc: 0.911264
best: 0.920
Epoch (23/200):
Train loss: 1.464425, train acc: 0.935976
Val loss: 1.452064, Val acc: 0.912885
best: 0.920
Epoch (24/200):
Train loss: 1.454702, train acc: 0.942988
Val loss: 1.473683, Val acc: 0.899109
best: 0.920
Epoch (25/200):
Train loss: 1.452356, train acc: 0.943902
Val loss: 1.460530, Val acc: 0.915721
best: 0.920
Epoch (26/200):
Train loss: 1.453563, train acc: 0.940650
Val loss: 1.435832, Val acc: 0.918558
best: 0.920
Epoch (27/200):
Train loss: 1.451396, train acc: 0.941057
Val loss: 1.453767, Val acc: 0.910454
best: 0.920
Epoch (28/200):
Train loss: 1.439149, train acc: 0.946646
Val loss: 1.464336, Val acc: 0.904781
best: 0.920
Epoch (29/200):
Train loss: 1.436724, train acc: 0.950508
Val loss: 1.465981, Val acc: 0.905592
best: 0.920
Epoch (30/200):
Train loss: 1.431558, train acc: 0.949289
Val loss: 1.455421, Val acc: 0.913290
best: 0.920
Epoch (31/200):
Train loss: 1.427775, train acc: 0.953963
Val loss: 1.450778, Val acc: 0.911264
best: 0.920
Epoch (32/200):
Train loss: 1.424529, train acc: 0.952439
Val loss: 1.460020, Val acc: 0.904376
best: 0.920
Epoch (33/200):
Train loss: 1.421496, train acc: 0.956301
Val loss: 1.447539, Val acc: 0.908023
best: 0.920
Epoch (34/200):
Train loss: 1.415074, train acc: 0.957622
Val loss: 1.444358, Val acc: 0.912480
best: 0.920
Epoch (35/200):
Train loss: 1.417157, train acc: 0.956199
Val loss: 1.431888, Val acc: 0.918963
best: 0.920
Epoch (36/200):
Train loss: 1.410550, train acc: 0.959045
Val loss: 1.456378, Val acc: 0.911264
best: 0.920
Epoch (37/200):
Train loss: 1.411192, train acc: 0.958537
Val loss: 1.431584, Val acc: 0.921799
==> Save checkpoint ...
best: 0.922
Epoch (38/200):
Train loss: 1.411661, train acc: 0.958740
Val loss: 1.422869, Val acc: 0.924230
==> Save checkpoint ...
best: 0.924
Epoch (39/200):
Train loss: 1.408241, train acc: 0.959553
Val loss: 1.437827, Val acc: 0.918152
best: 0.924
Epoch (40/200):
Train loss: 1.401096, train acc: 0.964533
Val loss: 1.429417, Val acc: 0.923015
best: 0.924
Epoch (41/200):
Train loss: 1.400828, train acc: 0.960976
Val loss: 1.440196, Val acc: 0.919368
best: 0.924
Epoch (42/200):
Train loss: 1.395043, train acc: 0.964939
Val loss: 1.446174, Val acc: 0.913290
best: 0.924
Epoch (43/200):
Train loss: 1.398174, train acc: 0.963516
Val loss: 1.446721, Val acc: 0.916937
best: 0.924
Epoch (44/200):
Train loss: 1.395135, train acc: 0.965752
Val loss: 1.440646, Val acc: 0.914100
best: 0.924
Epoch (45/200):
Train loss: 1.389516, train acc: 0.966362
Val loss: 1.449238, Val acc: 0.916126
best: 0.924
Epoch (46/200):
Train loss: 1.391156, train acc: 0.967073
Val loss: 1.441169, Val acc: 0.921394
best: 0.924
Epoch (47/200):
Train loss: 1.387466, train acc: 0.967581
Val loss: 1.444205, Val acc: 0.916532
best: 0.924
Epoch (48/200):
Train loss: 1.387077, train acc: 0.968801
Val loss: 1.435243, Val acc: 0.919773
best: 0.924
Epoch (49/200):
Train loss: 1.381943, train acc: 0.971443
Val loss: 1.464798, Val acc: 0.901540
best: 0.924
Epoch (50/200):
Train loss: 1.381586, train acc: 0.971240
Val loss: 1.457341, Val acc: 0.912480
best: 0.924
Epoch (51/200):
Train loss: 1.379795, train acc: 0.970935
Val loss: 1.442837, Val acc: 0.919773
best: 0.924
Epoch (52/200):
Train loss: 1.377335, train acc: 0.970224
Val loss: 1.434649, Val acc: 0.918152
best: 0.924
Epoch (53/200):
Train loss: 1.373362, train acc: 0.974289
Val loss: 1.453863, Val acc: 0.912480
best: 0.924
Epoch (54/200):
Train loss: 1.381197, train acc: 0.971138
Val loss: 1.445702, Val acc: 0.913290
best: 0.924
Epoch (55/200):
Train loss: 1.372259, train acc: 0.975102
Val loss: 1.453748, Val acc: 0.912480
best: 0.924
Epoch (56/200):
Train loss: 1.374296, train acc: 0.973882
Val loss: 1.439220, Val acc: 0.918152
best: 0.924
Epoch (57/200):
Train loss: 1.372558, train acc: 0.973171
Val loss: 1.445578, Val acc: 0.908428
best: 0.924
Epoch (58/200):
Train loss: 1.375129, train acc: 0.973069
Val loss: 1.439830, Val acc: 0.916937
best: 0.924
Epoch (59/200):
Train loss: 1.370390, train acc: 0.976728
Val loss: 1.443119, Val acc: 0.912480
best: 0.924
Epoch (60/200):
Train loss: 1.368761, train acc: 0.975000
Val loss: 1.440994, Val acc: 0.919368
best: 0.924
Epoch (61/200):
Train loss: 1.363092, train acc: 0.976524
Val loss: 1.443398, Val acc: 0.914911
best: 0.924
Epoch (62/200):
Train loss: 1.362955, train acc: 0.978049
Val loss: 1.434202, Val acc: 0.916126
best: 0.924
Epoch (63/200):
Train loss: 1.367396, train acc: 0.974797
Val loss: 1.437846, Val acc: 0.914506
best: 0.924
Epoch (64/200):
Train loss: 1.364284, train acc: 0.976118
Val loss: 1.438864, Val acc: 0.916126
best: 0.924
Epoch (65/200):
Train loss: 1.358432, train acc: 0.979573
Val loss: 1.444182, Val acc: 0.916126
best: 0.924
Epoch (66/200):
Train loss: 1.362518, train acc: 0.976728
Val loss: 1.435834, Val acc: 0.918152
best: 0.924
Epoch (67/200):
Train loss: 1.355950, train acc: 0.978862
Val loss: 1.450140, Val acc: 0.913290
best: 0.924
Epoch (68/200):
Train loss: 1.360058, train acc: 0.977134
Val loss: 1.428982, Val acc: 0.923015
best: 0.924
Epoch (69/200):
Train loss: 1.351617, train acc: 0.979675
Val loss: 1.454720, Val acc: 0.910454
best: 0.924
Epoch (70/200):
Train loss: 1.354433, train acc: 0.980589
Val loss: 1.451837, Val acc: 0.912075
best: 0.924
Epoch (71/200):
Train loss: 1.353439, train acc: 0.978455
Val loss: 1.446750, Val acc: 0.921394
best: 0.924
Epoch (72/200):
Train loss: 1.350547, train acc: 0.980793
Val loss: 1.445549, Val acc: 0.911264
best: 0.924
Epoch (73/200):
Train loss: 1.347649, train acc: 0.981809
Val loss: 1.434631, Val acc: 0.922204
best: 0.924
Epoch (74/200):
Train loss: 1.347267, train acc: 0.983841
Val loss: 1.455248, Val acc: 0.916532
best: 0.924
Epoch (75/200):
Train loss: 1.346439, train acc: 0.982724
Val loss: 1.448172, Val acc: 0.910454
best: 0.924
Epoch (76/200):
Train loss: 1.346563, train acc: 0.981504
Val loss: 1.444522, Val acc: 0.920583
best: 0.924
Epoch (77/200):
Train loss: 1.352239, train acc: 0.981809
Val loss: 1.454250, Val acc: 0.914911
best: 0.924
Epoch (78/200):
Train loss: 1.347534, train acc: 0.982825
Val loss: 1.444357, Val acc: 0.918558
best: 0.924
Epoch (79/200):
Train loss: 1.348927, train acc: 0.980996
Val loss: 1.438881, Val acc: 0.920178
best: 0.924
Epoch (80/200):
Train loss: 1.346165, train acc: 0.980996
Val loss: 1.426823, Val acc: 0.919368
best: 0.924
Epoch (81/200):
Train loss: 1.344459, train acc: 0.982825
Val loss: 1.460997, Val acc: 0.910859
best: 0.924
Epoch (82/200):
Train loss: 1.343888, train acc: 0.983333
Val loss: 1.435897, Val acc: 0.917747
best: 0.924
Epoch (83/200):
Train loss: 1.344883, train acc: 0.982520
Val loss: 1.441886, Val acc: 0.919773
best: 0.924
Epoch (84/200):
Train loss: 1.338456, train acc: 0.985569
Val loss: 1.471266, Val acc: 0.908428
best: 0.924
Epoch (85/200):
Train loss: 1.338595, train acc: 0.985264
Val loss: 1.447651, Val acc: 0.920583
best: 0.924
Epoch (86/200):
Train loss: 1.339063, train acc: 0.985366
Val loss: 1.455617, Val acc: 0.920583
best: 0.924
Epoch (87/200):
Train loss: 1.341531, train acc: 0.983537
Val loss: 1.451322, Val acc: 0.913695
best: 0.924
Epoch (88/200):
Train loss: 1.342773, train acc: 0.984350
Val loss: 1.440258, Val acc: 0.923825
best: 0.924
Epoch (89/200):
Train loss: 1.335376, train acc: 0.984858
Val loss: 1.441308, Val acc: 0.923420
best: 0.924
Epoch (90/200):
Train loss: 1.340898, train acc: 0.983740
Val loss: 1.454008, Val acc: 0.914506
best: 0.924
Epoch (91/200):
Train loss: 1.339002, train acc: 0.984045
Val loss: 1.444303, Val acc: 0.917747
best: 0.924
Epoch (92/200):
Train loss: 1.340912, train acc: 0.985163
Val loss: 1.437848, Val acc: 0.912480
best: 0.924
Epoch (93/200):
Train loss: 1.335687, train acc: 0.985569
Val loss: 1.431371, Val acc: 0.922204
best: 0.924
Epoch (94/200):
Train loss: 1.333984, train acc: 0.985976
Val loss: 1.449974, Val acc: 0.910049
best: 0.924
Epoch (95/200):
Train loss: 1.335241, train acc: 0.986077
Val loss: 1.458070, Val acc: 0.914506
best: 0.924
Epoch (96/200):
Train loss: 1.332821, train acc: 0.987398
Val loss: 1.440702, Val acc: 0.918963
best: 0.924
Epoch (97/200):
Train loss: 1.333458, train acc: 0.985976
Val loss: 1.445723, Val acc: 0.914100
best: 0.924
Epoch (98/200):
Train loss: 1.330240, train acc: 0.988821
Val loss: 1.431413, Val acc: 0.923420
best: 0.924
Epoch (99/200):
Train loss: 1.328367, train acc: 0.988821
Val loss: 1.441094, Val acc: 0.919368
best: 0.924
Epoch (100/200):
Train loss: 1.331310, train acc: 0.986484
Val loss: 1.445746, Val acc: 0.917342
best: 0.924
Epoch (101/200):
Train loss: 1.333014, train acc: 0.986687
Val loss: 1.445054, Val acc: 0.918152
best: 0.924
Epoch (102/200):
Train loss: 1.331028, train acc: 0.985976
Val loss: 1.461872, Val acc: 0.914506
best: 0.924
Epoch (103/200):
Train loss: 1.329964, train acc: 0.987195
Val loss: 1.451950, Val acc: 0.916937
best: 0.924
Epoch (104/200):
Train loss: 1.329494, train acc: 0.989431
Val loss: 1.457139, Val acc: 0.916126
best: 0.924
Epoch (105/200):
Train loss: 1.326398, train acc: 0.989329
Val loss: 1.460853, Val acc: 0.916126
best: 0.924
Epoch (106/200):
Train loss: 1.328083, train acc: 0.988211
Val loss: 1.446919, Val acc: 0.917747
best: 0.924
Epoch (107/200):
Train loss: 1.327618, train acc: 0.987602
Val loss: 1.429399, Val acc: 0.928282
==> Save checkpoint ...
best: 0.928
Epoch (108/200):
Train loss: 1.325202, train acc: 0.990650
Val loss: 1.435153, Val acc: 0.921394
best: 0.928
Epoch (109/200):
Train loss: 1.326316, train acc: 0.988110
Val loss: 1.466603, Val acc: 0.912480
best: 0.928
Epoch (110/200):
Train loss: 1.328690, train acc: 0.987500
Val loss: 1.448591, Val acc: 0.913695
best: 0.928
Epoch (111/200):
Train loss: 1.326312, train acc: 0.988008
Val loss: 1.439360, Val acc: 0.924230
best: 0.928
Epoch (112/200):
Train loss: 1.326778, train acc: 0.988516
Val loss: 1.449697, Val acc: 0.918558
best: 0.928
Epoch (113/200):
Train loss: 1.323658, train acc: 0.989634
Val loss: 1.451170, Val acc: 0.916126
best: 0.928
Epoch (114/200):
Train loss: 1.317398, train acc: 0.991870
Val loss: 1.444834, Val acc: 0.918963
best: 0.928
Epoch (115/200):
Train loss: 1.326454, train acc: 0.987297
Val loss: 1.447043, Val acc: 0.914100
best: 0.928
Epoch (116/200):
Train loss: 1.324820, train acc: 0.987703
Val loss: 1.447577, Val acc: 0.918152
best: 0.928
Epoch (117/200):
Train loss: 1.321754, train acc: 0.990346
Val loss: 1.444625, Val acc: 0.918558
best: 0.928
Epoch (118/200):
Train loss: 1.321809, train acc: 0.990854
Val loss: 1.440452, Val acc: 0.921799
best: 0.928
Epoch (119/200):
Train loss: 1.319998, train acc: 0.991260
Val loss: 1.457669, Val acc: 0.912885
best: 0.928
Epoch (120/200):
Train loss: 1.324983, train acc: 0.990041
Val loss: 1.450959, Val acc: 0.919368
best: 0.928
Epoch (121/200):
Train loss: 1.323610, train acc: 0.989634
Val loss: 1.445883, Val acc: 0.920178
best: 0.928
Epoch (122/200):
Train loss: 1.321377, train acc: 0.990650
Val loss: 1.439816, Val acc: 0.922609
best: 0.928
Epoch (123/200):
Train loss: 1.319212, train acc: 0.990955
Val loss: 1.451550, Val acc: 0.911264
best: 0.928
Epoch (124/200):
Train loss: 1.317529, train acc: 0.991463
Val loss: 1.437523, Val acc: 0.925446
best: 0.928
Epoch (125/200):
Train loss: 1.319835, train acc: 0.989431
Val loss: 1.465426, Val acc: 0.904781
best: 0.928
Epoch (126/200):
Train loss: 1.320942, train acc: 0.990142
Val loss: 1.464385, Val acc: 0.913695
best: 0.928
Epoch (127/200):
Train loss: 1.318544, train acc: 0.990650
Val loss: 1.448560, Val acc: 0.920583
best: 0.928
Epoch (128/200):
Train loss: 1.319285, train acc: 0.990650
Val loss: 1.452902, Val acc: 0.917342
best: 0.928
Epoch (129/200):
Train loss: 1.316938, train acc: 0.989634
Val loss: 1.444996, Val acc: 0.921799
best: 0.928
Epoch (130/200):
Train loss: 1.317378, train acc: 0.990752
Val loss: 1.443700, Val acc: 0.920583
best: 0.928
Epoch (131/200):
Train loss: 1.317438, train acc: 0.992581
Val loss: 1.449604, Val acc: 0.918152
best: 0.928
Epoch (132/200):
Train loss: 1.315090, train acc: 0.991870
Val loss: 1.434812, Val acc: 0.919368
best: 0.928
Epoch (133/200):
Train loss: 1.317593, train acc: 0.990549
Val loss: 1.436809, Val acc: 0.920989
best: 0.928
Epoch (134/200):
Train loss: 1.316588, train acc: 0.991565
Val loss: 1.433445, Val acc: 0.922609
best: 0.928
Epoch (135/200):
Train loss: 1.315613, train acc: 0.990752
Val loss: 1.432339, Val acc: 0.920989
best: 0.928
Epoch (136/200):
Train loss: 1.315617, train acc: 0.992581
Val loss: 1.447703, Val acc: 0.920989
best: 0.928
Epoch (137/200):
Train loss: 1.312778, train acc: 0.991972
Val loss: 1.444117, Val acc: 0.922204
best: 0.928
Epoch (138/200):
Train loss: 1.313914, train acc: 0.991972
Val loss: 1.444269, Val acc: 0.922204
best: 0.928
Epoch (139/200):
Train loss: 1.317924, train acc: 0.990752
Val loss: 1.449051, Val acc: 0.918558
best: 0.928
Epoch (140/200):
Train loss: 1.316411, train acc: 0.990142
Val loss: 1.465822, Val acc: 0.903971
best: 0.928
Epoch (141/200):
Train loss: 1.310805, train acc: 0.993902
Val loss: 1.458125, Val acc: 0.914506
best: 0.928
Epoch (142/200):
Train loss: 1.312189, train acc: 0.993598
Val loss: 1.453597, Val acc: 0.923825
best: 0.928
Epoch (143/200):
Train loss: 1.314388, train acc: 0.991667
Val loss: 1.440116, Val acc: 0.921799
best: 0.928
Epoch (144/200):
Train loss: 1.316287, train acc: 0.991057
Val loss: 1.456185, Val acc: 0.917747
best: 0.928
Epoch (145/200):
Train loss: 1.310524, train acc: 0.993089
Val loss: 1.448879, Val acc: 0.916532
best: 0.928
Epoch (146/200):
Train loss: 1.309686, train acc: 0.994614
Val loss: 1.458574, Val acc: 0.911669
best: 0.928
Epoch (147/200):
Train loss: 1.313733, train acc: 0.992073
Val loss: 1.444818, Val acc: 0.923825
best: 0.928
Epoch (148/200):
Train loss: 1.312796, train acc: 0.992581
Val loss: 1.441587, Val acc: 0.922609
best: 0.928
Epoch (149/200):
Train loss: 1.310425, train acc: 0.993496
Val loss: 1.437229, Val acc: 0.918558
best: 0.928
Epoch (150/200):
Train loss: 1.309764, train acc: 0.993496
Val loss: 1.445296, Val acc: 0.923420
best: 0.928
Epoch (151/200):
Train loss: 1.309789, train acc: 0.993598
Val loss: 1.450201, Val acc: 0.917342
best: 0.928
Epoch (152/200):
Train loss: 1.307266, train acc: 0.994817
Val loss: 1.447400, Val acc: 0.920583
best: 0.928
Epoch (153/200):
Train loss: 1.308216, train acc: 0.994512
Val loss: 1.440921, Val acc: 0.925446
best: 0.928
Epoch (154/200):
Train loss: 1.310365, train acc: 0.993394
Val loss: 1.436587, Val acc: 0.929092
==> Save checkpoint ...
best: 0.929
Epoch (155/200):
Train loss: 1.312063, train acc: 0.991972
Val loss: 1.464836, Val acc: 0.912885
best: 0.929
Epoch (156/200):
Train loss: 1.311047, train acc: 0.993902
Val loss: 1.452425, Val acc: 0.915316
best: 0.929
Epoch (157/200):
Train loss: 1.307936, train acc: 0.994004
Val loss: 1.438296, Val acc: 0.925851
best: 0.929
Epoch (158/200):
Train loss: 1.308840, train acc: 0.994004
Val loss: 1.456657, Val acc: 0.920178
best: 0.929
Epoch (159/200):
Train loss: 1.308829, train acc: 0.993699
Val loss: 1.461259, Val acc: 0.913695
best: 0.929
Epoch (160/200):
Train loss: 1.310925, train acc: 0.992581
Val loss: 1.445593, Val acc: 0.924230
best: 0.929
Epoch (161/200):
Train loss: 1.308522, train acc: 0.993191
Val loss: 1.445742, Val acc: 0.922609
best: 0.929
Epoch (162/200):
Train loss: 1.307880, train acc: 0.994512
Val loss: 1.447157, Val acc: 0.918963
best: 0.929
Epoch (163/200):
Train loss: 1.306604, train acc: 0.994411
Val loss: 1.440509, Val acc: 0.921799
best: 0.929
Epoch (164/200):
Train loss: 1.308476, train acc: 0.994106
Val loss: 1.457911, Val acc: 0.916126
best: 0.929
Epoch (165/200):
Train loss: 1.306802, train acc: 0.994614
Val loss: 1.448447, Val acc: 0.922609
best: 0.929
Epoch (166/200):
Train loss: 1.307499, train acc: 0.994207
Val loss: 1.457641, Val acc: 0.919368
best: 0.929
Epoch (167/200):
Train loss: 1.307059, train acc: 0.994004
Val loss: 1.442459, Val acc: 0.923015
best: 0.929
Epoch (168/200):
Train loss: 1.306484, train acc: 0.994106
Val loss: 1.446283, Val acc: 0.923825
best: 0.929
Epoch (169/200):
Train loss: 1.306044, train acc: 0.993801
Val loss: 1.451467, Val acc: 0.919773
best: 0.929
Epoch (170/200):
Train loss: 1.305797, train acc: 0.993902
Val loss: 1.451658, Val acc: 0.922609
best: 0.929
Epoch (171/200):
Train loss: 1.302453, train acc: 0.995528
Val loss: 1.448582, Val acc: 0.923420
best: 0.929
Epoch (172/200):
Train loss: 1.304178, train acc: 0.994512
Val loss: 1.460134, Val acc: 0.915721
best: 0.929
Epoch (173/200):
Train loss: 1.307445, train acc: 0.992581
Val loss: 1.452528, Val acc: 0.921394
best: 0.929
Epoch (174/200):
Train loss: 1.303722, train acc: 0.995427
Val loss: 1.458984, Val acc: 0.923015
best: 0.929
Epoch (175/200):
Train loss: 1.305165, train acc: 0.994919
Val loss: 1.461444, Val acc: 0.916532
best: 0.929
Epoch (176/200):
Train loss: 1.307579, train acc: 0.994106
Val loss: 1.438086, Val acc: 0.925851
best: 0.929
Epoch (177/200):
Train loss: 1.305011, train acc: 0.994715
Val loss: 1.449791, Val acc: 0.922204
best: 0.929
Epoch (178/200):
Train loss: 1.304605, train acc: 0.994715
Val loss: 1.439815, Val acc: 0.927066
best: 0.929
Epoch (179/200):
Train loss: 1.301159, train acc: 0.995630
Val loss: 1.474289, Val acc: 0.913290
best: 0.929
Epoch (180/200):
Train loss: 1.302684, train acc: 0.995528
Val loss: 1.470341, Val acc: 0.918963
best: 0.929
Epoch (181/200):
Train loss: 1.303086, train acc: 0.995528
Val loss: 1.448432, Val acc: 0.920989
best: 0.929
Epoch (182/200):
Train loss: 1.302768, train acc: 0.994207
Val loss: 1.441323, Val acc: 0.922609
best: 0.929
Epoch (183/200):
Train loss: 1.301897, train acc: 0.995122
Val loss: 1.452083, Val acc: 0.918963
best: 0.929
Epoch (184/200):
Train loss: 1.302854, train acc: 0.994106
Val loss: 1.443754, Val acc: 0.924635
best: 0.929
Epoch (185/200):
Train loss: 1.303424, train acc: 0.995020
Val loss: 1.442896, Val acc: 0.921799
best: 0.929
Epoch (186/200):
Train loss: 1.305962, train acc: 0.994614
Val loss: 1.437044, Val acc: 0.920178
best: 0.929
Epoch (187/200):
Train loss: 1.302868, train acc: 0.995935
Val loss: 1.459027, Val acc: 0.915316
best: 0.929
Epoch (188/200):
Train loss: 1.300064, train acc: 0.996748
Val loss: 1.437816, Val acc: 0.922204
best: 0.929
Epoch (189/200):
Train loss: 1.306390, train acc: 0.993293
Val loss: 1.450094, Val acc: 0.921394
best: 0.929
Epoch (190/200):
Train loss: 1.303426, train acc: 0.994411
Val loss: 1.443260, Val acc: 0.924230
best: 0.929
Epoch (191/200):
Train loss: 1.305285, train acc: 0.995325
Val loss: 1.455225, Val acc: 0.916126
best: 0.929
Epoch (192/200):
Train loss: 1.302902, train acc: 0.993598
Val loss: 1.458935, Val acc: 0.917342
best: 0.929
Epoch (193/200):
Train loss: 1.303241, train acc: 0.995020
Val loss: 1.459995, Val acc: 0.914911
best: 0.929
Epoch (194/200):
Train loss: 1.300645, train acc: 0.996850
Val loss: 1.450040, Val acc: 0.923015
best: 0.929
Epoch (195/200):
Train loss: 1.299315, train acc: 0.996341
Val loss: 1.450825, Val acc: 0.917747
best: 0.929
Epoch (196/200):
Train loss: 1.300646, train acc: 0.995122
Val loss: 1.451531, Val acc: 0.919773
best: 0.929
Epoch (197/200):
Train loss: 1.300616, train acc: 0.995935
Val loss: 1.462364, Val acc: 0.913695
best: 0.929
Epoch (198/200):
Train loss: 1.300368, train acc: 0.995122
Val loss: 1.453124, Val acc: 0.918558
best: 0.929
Epoch (199/200):
Train loss: 1.303629, train acc: 0.994919
Val loss: 1.451230, Val acc: 0.920178
best: 0.929
Epoch (200/200):
Train loss: 1.302322, train acc: 0.995020
Val loss: 1.442478, Val acc: 0.926661
best: 0.929
==> End of training...
